<?xml version="1.0" encoding="UTF-8"?>
<robot generator="Robot 6.1 (Python 3.11.4 on win32)" generated="20230822 18:05:06.226" rpa="false" schemaversion="4">
<suite id="s1" name="Executando Testes" source="C:\Users\marco\OneDrive\Área de Trabalho\curso basico robot\robot_basic_udemy\src\1_general_section\executando_testes.robot">
<test id="s1-t1" name="Teste 1" line="34">
<kw name="Set Variable" library="BuiltIn">
<var>${X}</var>
<arg>3</arg>
<doc>Returns the given values which can then be assigned to a variables.</doc>
<msg timestamp="20230822 18:05:06.366" level="INFO">${X} = 3</msg>
<status status="PASS" starttime="20230822 18:05:06.366" endtime="20230822 18:05:06.366"/>
</kw>
<kw name="Set Variable" library="BuiltIn">
<var>${Y}</var>
<arg>3</arg>
<doc>Returns the given values which can then be assigned to a variables.</doc>
<msg timestamp="20230822 18:05:06.368" level="INFO">${Y} = 3</msg>
<status status="PASS" starttime="20230822 18:05:06.367" endtime="20230822 18:05:06.368"/>
</kw>
<kw name="Should Be Equal" library="BuiltIn">
<arg>${X}</arg>
<arg>${Y}</arg>
<doc>Fails if the given objects are unequal.</doc>
<status status="PASS" starttime="20230822 18:05:06.368" endtime="20230822 18:05:06.369"/>
</kw>
<tag>performance</tag>
<tag>regression</tag>
<status status="PASS" starttime="20230822 18:05:06.364" endtime="20230822 18:05:06.374"/>
</test>
<test id="s1-t2" name="Teste 2" line="41">
<kw name="Should Not Be Empty" library="BuiltIn">
<arg>oi</arg>
<doc>Verifies that the given item is not empty.</doc>
<msg timestamp="20230822 18:05:06.378" level="INFO">Length is 2</msg>
<status status="PASS" starttime="20230822 18:05:06.377" endtime="20230822 18:05:06.378"/>
</kw>
<kw name="Should Be Empty" library="BuiltIn">
<arg>${EMPTY}</arg>
<doc>Verifies that the given item is empty.</doc>
<msg timestamp="20230822 18:05:06.380" level="INFO">Length is 0</msg>
<status status="PASS" starttime="20230822 18:05:06.379" endtime="20230822 18:05:06.380"/>
</kw>
<tag>regression</tag>
<tag>smoke</tag>
<status status="PASS" starttime="20230822 18:05:06.376" endtime="20230822 18:05:06.445"/>
</test>
<test id="s1-t3" name="Teste 3" line="46">
<kw name="Set Variable" library="BuiltIn">
<var>${X}</var>
<arg>3</arg>
<doc>Returns the given values which can then be assigned to a variables.</doc>
<msg timestamp="20230822 18:05:06.466" level="INFO">${X} = 3</msg>
<status status="PASS" starttime="20230822 18:05:06.465" endtime="20230822 18:05:06.466"/>
</kw>
<kw name="Set Variable" library="BuiltIn">
<var>${Y}</var>
<arg>4</arg>
<doc>Returns the given values which can then be assigned to a variables.</doc>
<msg timestamp="20230822 18:05:06.475" level="INFO">${Y} = 4</msg>
<status status="PASS" starttime="20230822 18:05:06.469" endtime="20230822 18:05:06.475"/>
</kw>
<kw name="Should Not Be Equal" library="BuiltIn">
<arg>${X}</arg>
<arg>${Y}</arg>
<doc>Fails if the given objects are equal.</doc>
<status status="PASS" starttime="20230822 18:05:06.503" endtime="20230822 18:05:06.506"/>
</kw>
<tag>performance</tag>
<tag>regression</tag>
<status status="PASS" starttime="20230822 18:05:06.452" endtime="20230822 18:05:06.532"/>
</test>
<test id="s1-t4" name="Test 4" line="53">
<kw name="Execução aritmética">
<arg>${X}</arg>
<arg>${Y}</arg>
<kw name="Log" library="BuiltIn">
<arg>\n</arg>
<doc>Logs the given message with the given level.</doc>
<msg timestamp="20230822 18:05:06.545" level="INFO">
</msg>
<status status="PASS" starttime="20230822 18:05:06.544" endtime="20230822 18:05:06.545"/>
</kw>
<kw name="Log To Console" library="BuiltIn">
<arg>${X}</arg>
<doc>Logs the given message to the console.</doc>
<status status="PASS" starttime="20230822 18:05:06.545" endtime="20230822 18:05:06.549"/>
</kw>
<kw name="Log To Console" library="BuiltIn">
<arg>${Y}</arg>
<doc>Logs the given message to the console.</doc>
<status status="PASS" starttime="20230822 18:05:06.549" endtime="20230822 18:05:06.550"/>
</kw>
<if>
<branch type="IF" condition="${X} == ${Y}">
<kw name="Evaluate" library="BuiltIn">
<arg>${X} + ${Y}</arg>
<doc>Evaluates the given expression in Python and returns the result.</doc>
<status status="NOT RUN" starttime="20230822 18:05:06.551" endtime="20230822 18:05:06.551"/>
</kw>
<msg timestamp="20230822 18:05:06.551" level="FAIL">Invalid IF condition: Evaluating expression ' == ' failed: SyntaxError: invalid syntax (&lt;string&gt;, line 1)

Variables in the original expression '${X} == ${Y}' were resolved before the expression was evaluated. Try using '$X == $Y' syntax to avoid that. See Evaluating Expressions appendix in Robot Framework User Guide for more details.</msg>
<status status="FAIL" starttime="20230822 18:05:06.550" endtime="20230822 18:05:06.552"/>
</branch>
<branch type="ELSE IF" condition="${X} &gt; ${Y}">
<kw name="Evaluate" library="BuiltIn">
<arg>${X} * ${Y}</arg>
<doc>Evaluates the given expression in Python and returns the result.</doc>
<status status="NOT RUN" starttime="20230822 18:05:06.552" endtime="20230822 18:05:06.552"/>
</kw>
<status status="NOT RUN" starttime="20230822 18:05:06.552" endtime="20230822 18:05:06.552"/>
</branch>
<branch type="ELSE">
<kw name="Evaluate" library="BuiltIn">
<arg>${X} - ${Y}</arg>
<doc>Evaluates the given expression in Python and returns the result.</doc>
<status status="NOT RUN" starttime="20230822 18:05:06.552" endtime="20230822 18:05:06.552"/>
</kw>
<status status="NOT RUN" starttime="20230822 18:05:06.552" endtime="20230822 18:05:06.552"/>
</branch>
<status status="FAIL" starttime="20230822 18:05:06.550" endtime="20230822 18:05:06.553"/>
</if>
<status status="FAIL" starttime="20230822 18:05:06.540" endtime="20230822 18:05:06.556"/>
</kw>
<tag>variavel_ext</tag>
<status status="FAIL" starttime="20230822 18:05:06.535" endtime="20230822 18:05:06.558">Invalid IF condition: Evaluating expression ' == ' failed: SyntaxError: invalid syntax (&lt;string&gt;, line 1)

Variables in the original expression '${X} == ${Y}' were resolved before the expression was evaluated. Try using '$X == $Y' syntax to avoid that. See Evaluating Expressions appendix in Robot Framework User Guide for more details.</status>
</test>
<status status="FAIL" starttime="20230822 18:05:06.232" endtime="20230822 18:05:06.563"/>
</suite>
<statistics>
<total>
<stat pass="3" fail="1" skip="0">All Tests</stat>
</total>
<tag>
<stat pass="2" fail="0" skip="0">performance</stat>
<stat pass="3" fail="0" skip="0">regression</stat>
<stat pass="1" fail="0" skip="0">smoke</stat>
<stat pass="0" fail="1" skip="0">variavel_ext</stat>
</tag>
<suite>
<stat pass="3" fail="1" skip="0" id="s1" name="Executando Testes">Executando Testes</stat>
</suite>
</statistics>
<errors>
</errors>
</robot>
